{"/govuk/transition/app/assets/javascripts.bak/hits.js":{"path":"/govuk/transition/app/assets/javascripts.bak/hits.js","s":{"1":1,"2":1,"3":1,"4":1,"5":1,"6":3,"7":1,"8":2,"9":4,"10":4,"11":4,"12":1,"13":1,"14":0,"15":0,"16":0,"17":0,"18":3,"19":3,"20":3,"21":3,"22":1},"b":{"1":[1,0],"2":[1,2]},"f":{"1":1,"2":3,"3":4,"4":3,"5":0},"fnMap":{"1":{"name":"(anonymous_1)","line":1,"loc":{"start":{"line":1,"column":1},"end":{"line":1,"column":12}}},"2":{"name":"(anonymous_2)","line":11,"loc":{"start":{"line":11,"column":19},"end":{"line":11,"column":39}}},"3":{"name":"(anonymous_3)","line":17,"loc":{"start":{"line":17,"column":10},"end":{"line":17,"column":45}}},"4":{"name":"drawChart","line":23,"loc":{"start":{"line":23,"column":6},"end":{"line":23,"column":27}}},"5":{"name":"onDateSelected","line":24,"loc":{"start":{"line":24,"column":8},"end":{"line":24,"column":34}}}},"statementMap":{"1":{"start":{"line":1,"column":0},"end":{"line":59,"column":14}},"2":{"start":{"line":3,"column":2},"end":{"line":4,"column":22}},"3":{"start":{"line":6,"column":2},"end":{"line":8,"column":3}},"4":{"start":{"line":7,"column":4},"end":{"line":7,"column":20}},"5":{"start":{"line":10,"column":2},"end":{"line":56,"column":4}},"6":{"start":{"line":12,"column":6},"end":{"line":14,"column":7}},"7":{"start":{"line":13,"column":8},"end":{"line":13,"column":38}},"8":{"start":{"line":15,"column":6},"end":{"line":15,"column":41}},"9":{"start":{"line":19,"column":6},"end":{"line":19,"column":54}},"10":{"start":{"line":20,"column":6},"end":{"line":20,"column":70}},"11":{"start":{"line":21,"column":6},"end":{"line":21,"column":56}},"12":{"start":{"line":23,"column":6},"end":{"line":54,"column":7}},"13":{"start":{"line":24,"column":8},"end":{"line":30,"column":9}},"14":{"start":{"line":25,"column":10},"end":{"line":25,"column":54}},"15":{"start":{"line":26,"column":10},"end":{"line":26,"column":59}},"16":{"start":{"line":27,"column":10},"end":{"line":27,"column":85}},"17":{"start":{"line":29,"column":10},"end":{"line":29,"column":98}},"18":{"start":{"line":36,"column":8},"end":{"line":36,"column":45}},"19":{"start":{"line":37,"column":8},"end":{"line":50,"column":14}},"20":{"start":{"line":51,"column":8},"end":{"line":51,"column":81}},"21":{"start":{"line":53,"column":8},"end":{"line":53,"column":39}},"22":{"start":{"line":58,"column":2},"end":{"line":58,"column":25}}},"branchMap":{"1":{"line":6,"type":"if","locations":[{"start":{"line":6,"column":2},"end":{"line":6,"column":2}},{"start":{"line":6,"column":2},"end":{"line":6,"column":2}}]},"2":{"line":12,"type":"if","locations":[{"start":{"line":12,"column":6},"end":{"line":12,"column":6}},{"start":{"line":12,"column":6},"end":{"line":12,"column":6}}]}}},"/govuk/transition/app/assets/javascripts.bak/modules/batch_progress.js":{"path":"/govuk/transition/app/assets/javascripts.bak/modules/batch_progress.js","s":{"1":1,"2":1,"3":9,"4":9,"5":9,"6":9,"7":1,"8":10,"9":1,"10":9,"11":9,"12":9,"13":3,"14":3,"15":6,"16":6,"17":6,"18":6,"19":6,"20":1,"21":3,"22":3,"23":3,"24":3,"25":9,"26":12,"27":0,"28":12},"b":{"1":[3,6],"2":[0,12]},"f":{"1":1,"2":9,"3":9,"4":10,"5":9,"6":3,"7":12},"fnMap":{"1":{"name":"(anonymous_1)","line":1,"loc":{"start":{"line":1,"column":1},"end":{"line":1,"column":19}}},"2":{"name":"(anonymous_2)","line":4,"loc":{"start":{"line":4,"column":26},"end":{"line":4,"column":37}}},"3":{"name":"(anonymous_3)","line":9,"loc":{"start":{"line":9,"column":17},"end":{"line":9,"column":35}}},"4":{"name":"requestProgress","line":19,"loc":{"start":{"line":19,"column":6},"end":{"line":19,"column":33}}},"5":{"name":"updateProgress","line":27,"loc":{"start":{"line":27,"column":6},"end":{"line":27,"column":40}}},"6":{"name":"showSuccess","line":43,"loc":{"start":{"line":43,"column":6},"end":{"line":43,"column":37}}},"7":{"name":"(anonymous_7)","line":52,"loc":{"start":{"line":52,"column":16},"end":{"line":52,"column":27}}}},"statementMap":{"1":{"start":{"line":1,"column":0},"end":{"line":61,"column":30}},"2":{"start":{"line":4,"column":2},"end":{"line":59,"column":4}},"3":{"start":{"line":5,"column":4},"end":{"line":7,"column":16}},"4":{"start":{"line":9,"column":4},"end":{"line":50,"column":6}},"5":{"start":{"line":11,"column":6},"end":{"line":15,"column":49}},"6":{"start":{"line":17,"column":6},"end":{"line":17,"column":24}},"7":{"start":{"line":19,"column":6},"end":{"line":24,"column":7}},"8":{"start":{"line":20,"column":8},"end":{"line":23,"column":11}},"9":{"start":{"line":27,"column":6},"end":{"line":41,"column":7}},"10":{"start":{"line":28,"column":8},"end":{"line":28,"column":20}},"11":{"start":{"line":29,"column":8},"end":{"line":29,"column":104}},"12":{"start":{"line":31,"column":8},"end":{"line":34,"column":9}},"13":{"start":{"line":32,"column":10},"end":{"line":32,"column":32}},"14":{"start":{"line":33,"column":10},"end":{"line":33,"column":17}},"15":{"start":{"line":36,"column":8},"end":{"line":36,"column":66}},"16":{"start":{"line":37,"column":8},"end":{"line":37,"column":34}},"17":{"start":{"line":38,"column":8},"end":{"line":38,"column":40}},"18":{"start":{"line":39,"column":8},"end":{"line":39,"column":43}},"19":{"start":{"line":40,"column":8},"end":{"line":40,"column":52}},"20":{"start":{"line":43,"column":6},"end":{"line":48,"column":7}},"21":{"start":{"line":44,"column":8},"end":{"line":44,"column":55}},"22":{"start":{"line":45,"column":8},"end":{"line":45,"column":52}},"23":{"start":{"line":46,"column":8},"end":{"line":46,"column":58}},"24":{"start":{"line":47,"column":8},"end":{"line":47,"column":20}},"25":{"start":{"line":52,"column":4},"end":{"line":57,"column":6}},"26":{"start":{"line":53,"column":6},"end":{"line":55,"column":7}},"27":{"start":{"line":54,"column":8},"end":{"line":54,"column":24}},"28":{"start":{"line":56,"column":6},"end":{"line":56,"column":28}}},"branchMap":{"1":{"line":31,"type":"if","locations":[{"start":{"line":31,"column":8},"end":{"line":31,"column":8}},{"start":{"line":31,"column":8},"end":{"line":31,"column":8}}]},"2":{"line":53,"type":"if","locations":[{"start":{"line":53,"column":6},"end":{"line":53,"column":6}},{"start":{"line":53,"column":6},"end":{"line":53,"column":6}}]}}},"/govuk/transition/app/assets/javascripts.bak/modules/filters.js":{"path":"/govuk/transition/app/assets/javascripts.bak/modules/filters.js","s":{"1":1,"2":1,"3":0,"4":0,"5":0,"6":0,"7":0,"8":1,"9":0,"10":0,"11":0},"b":{},"f":{"1":1,"2":0,"3":0,"4":0,"5":0,"6":0},"fnMap":{"1":{"name":"(anonymous_1)","line":1,"loc":{"start":{"line":1,"column":1},"end":{"line":1,"column":19}}},"2":{"name":"(anonymous_2)","line":4,"loc":{"start":{"line":4,"column":20},"end":{"line":4,"column":31}}},"3":{"name":"(anonymous_3)","line":6,"loc":{"start":{"line":6,"column":17},"end":{"line":6,"column":35}}},"4":{"name":"(anonymous_4)","line":9,"loc":{"start":{"line":9,"column":50},"end":{"line":9,"column":67}}},"5":{"name":"focusInput","line":15,"loc":{"start":{"line":15,"column":6},"end":{"line":15,"column":33}}},"6":{"name":"(anonymous_6)","line":17,"loc":{"start":{"line":17,"column":19},"end":{"line":17,"column":30}}}},"statementMap":{"1":{"start":{"line":1,"column":0},"end":{"line":25,"column":30}},"2":{"start":{"line":4,"column":2},"end":{"line":23,"column":4}},"3":{"start":{"line":5,"column":4},"end":{"line":5,"column":20}},"4":{"start":{"line":6,"column":4},"end":{"line":22,"column":5}},"5":{"start":{"line":9,"column":6},"end":{"line":11,"column":9}},"6":{"start":{"line":10,"column":8},"end":{"line":10,"column":32}},"7":{"start":{"line":13,"column":6},"end":{"line":13,"column":50}},"8":{"start":{"line":15,"column":6},"end":{"line":20,"column":7}},"9":{"start":{"line":16,"column":8},"end":{"line":16,"column":40}},"10":{"start":{"line":17,"column":8},"end":{"line":19,"column":15}},"11":{"start":{"line":18,"column":10},"end":{"line":18,"column":55}}},"branchMap":{}},"/govuk/transition/app/assets/javascripts.bak/modules/go_to.js":{"path":"/govuk/transition/app/assets/javascripts.bak/modules/go_to.js","s":{"1":1,"2":1,"3":0,"4":0,"5":0,"6":0,"7":1,"8":0,"9":0,"10":0,"11":0},"b":{},"f":{"1":1,"2":0,"3":0,"4":0,"5":0,"6":0},"fnMap":{"1":{"name":"(anonymous_1)","line":1,"loc":{"start":{"line":1,"column":1},"end":{"line":1,"column":19}}},"2":{"name":"(anonymous_2)","line":4,"loc":{"start":{"line":4,"column":17},"end":{"line":4,"column":28}}},"3":{"name":"(anonymous_3)","line":7,"loc":{"start":{"line":7,"column":17},"end":{"line":7,"column":35}}},"4":{"name":"openGotoSiteOrMappingModal","line":12,"loc":{"start":{"line":12,"column":6},"end":{"line":12,"column":44}}},"5":{"name":"(anonymous_5)","line":13,"loc":{"start":{"line":13,"column":48},"end":{"line":13,"column":59}}},"6":{"name":"(anonymous_6)","line":14,"loc":{"start":{"line":14,"column":21},"end":{"line":14,"column":32}}}},"statementMap":{"1":{"start":{"line":1,"column":0},"end":{"line":23,"column":30}},"2":{"start":{"line":4,"column":2},"end":{"line":21,"column":4}},"3":{"start":{"line":5,"column":4},"end":{"line":5,"column":20}},"4":{"start":{"line":7,"column":4},"end":{"line":20,"column":5}},"5":{"start":{"line":9,"column":6},"end":{"line":9,"column":73}},"6":{"start":{"line":10,"column":6},"end":{"line":10,"column":56}},"7":{"start":{"line":12,"column":6},"end":{"line":19,"column":7}},"8":{"start":{"line":13,"column":8},"end":{"line":17,"column":11}},"9":{"start":{"line":14,"column":10},"end":{"line":16,"column":17}},"10":{"start":{"line":15,"column":12},"end":{"line":15,"column":66}},"11":{"start":{"line":18,"column":8},"end":{"line":18,"column":41}}},"branchMap":{}},"/govuk/transition/app/assets/javascripts.bak/modules/mousetrap_trigger.js":{"path":"/govuk/transition/app/assets/javascripts.bak/modules/mousetrap_trigger.js","s":{"1":1,"2":1,"3":1,"4":1,"5":1,"6":1,"7":1,"8":1,"9":1},"b":{},"f":{"1":1,"2":1,"3":1,"4":1},"fnMap":{"1":{"name":"(anonymous_1)","line":1,"loc":{"start":{"line":1,"column":1},"end":{"line":1,"column":19}}},"2":{"name":"(anonymous_2)","line":4,"loc":{"start":{"line":4,"column":29},"end":{"line":4,"column":40}}},"3":{"name":"(anonymous_3)","line":7,"loc":{"start":{"line":7,"column":17},"end":{"line":7,"column":35}}},"4":{"name":"triggerMousetrapEvent","line":11,"loc":{"start":{"line":11,"column":6},"end":{"line":11,"column":44}}}},"statementMap":{"1":{"start":{"line":1,"column":0},"end":{"line":18,"column":30}},"2":{"start":{"line":4,"column":2},"end":{"line":16,"column":4}},"3":{"start":{"line":5,"column":4},"end":{"line":5,"column":20}},"4":{"start":{"line":7,"column":4},"end":{"line":15,"column":5}},"5":{"start":{"line":8,"column":6},"end":{"line":8,"column":49}},"6":{"start":{"line":9,"column":6},"end":{"line":9,"column":38}},"7":{"start":{"line":11,"column":6},"end":{"line":14,"column":7}},"8":{"start":{"line":12,"column":8},"end":{"line":12,"column":31}},"9":{"start":{"line":13,"column":8},"end":{"line":13,"column":32}}},"branchMap":{}},"/govuk/transition/app/assets/javascripts.bak/modules/selectable_table.js":{"path":"/govuk/transition/app/assets/javascripts.bak/modules/selectable_table.js","s":{"1":1,"2":1,"3":27,"4":27,"5":27,"6":27,"7":27,"8":27,"9":27,"10":27,"11":27,"12":27,"13":27,"14":1,"15":27,"16":27,"17":1,"18":30,"19":30,"20":30,"21":30,"22":1,"23":63,"24":63,"25":27,"26":27,"27":27,"28":36,"29":30,"30":30,"31":30,"32":6,"33":6,"34":6,"35":1,"36":30,"37":30,"38":1,"39":6,"40":6,"41":1,"42":6,"43":6,"44":6,"45":1,"46":6,"47":6,"48":2,"49":4,"50":6,"51":1,"52":12,"53":9,"54":3,"55":12,"56":1,"57":3,"58":3,"59":1,"60":1,"61":2,"62":2,"63":2,"64":2,"65":2,"66":1,"67":2,"68":2,"69":2,"70":0,"71":2,"72":1,"73":2,"74":1,"75":37,"76":37,"77":1,"78":32,"79":32},"b":{"1":[6,24],"2":[27,36],"3":[63,33],"4":[30,6],"5":[1,5],"6":[3,3],"7":[2,4],"8":[9,3],"9":[1,2]},"f":{"1":1,"2":27,"3":27,"4":27,"5":30,"6":63,"7":30,"8":6,"9":6,"10":12,"11":3,"12":2,"13":0,"14":2,"15":37,"16":32},"fnMap":{"1":{"name":"(anonymous_1)","line":1,"loc":{"start":{"line":1,"column":1},"end":{"line":1,"column":19}}},"2":{"name":"(anonymous_2)","line":4,"loc":{"start":{"line":4,"column":28},"end":{"line":4,"column":39}}},"3":{"name":"(anonymous_3)","line":8,"loc":{"start":{"line":8,"column":17},"end":{"line":8,"column":35}}},"4":{"name":"onLoadMarkSelectedRowsWithClass","line":25,"loc":{"start":{"line":25,"column":6},"end":{"line":25,"column":49}}},"5":{"name":"toggleRow","line":32,"loc":{"start":{"line":32,"column":6},"end":{"line":32,"column":32}}},"6":{"name":"updateHeaderToggleState","line":42,"loc":{"start":{"line":42,"column":6},"end":{"line":42,"column":41}}},"7":{"name":"markRowAsRecentlyChanged","line":63,"loc":{"start":{"line":63,"column":6},"end":{"line":63,"column":45}}},"8":{"name":"shiftToggleRow","line":68,"loc":{"start":{"line":68,"column":6},"end":{"line":68,"column":41}}},"9":{"name":"toggleAllRows","line":87,"loc":{"start":{"line":87,"column":6},"end":{"line":87,"column":36}}},"10":{"name":"toggleRows","line":101,"loc":{"start":{"line":101,"column":6},"end":{"line":101,"column":40}}},"11":{"name":"submitForm","line":110,"loc":{"start":{"line":110,"column":6},"end":{"line":110,"column":33}}},"12":{"name":"createModal","line":127,"loc":{"start":{"line":127,"column":6},"end":{"line":127,"column":48}}},"13":{"name":"(anonymous_13)","line":132,"loc":{"start":{"line":132,"column":50},"end":{"line":132,"column":62}}},"14":{"name":"handleModalError","line":139,"loc":{"start":{"line":139,"column":6},"end":{"line":139,"column":52}}},"15":{"name":"resetSubmitButtons","line":143,"loc":{"start":{"line":143,"column":6},"end":{"line":143,"column":36}}},"16":{"name":"disableSubmitButtons","line":148,"loc":{"start":{"line":148,"column":6},"end":{"line":148,"column":38}}}},"statementMap":{"1":{"start":{"line":1,"column":0},"end":{"line":154,"column":30}},"2":{"start":{"line":4,"column":2},"end":{"line":153,"column":4}},"3":{"start":{"line":6,"column":4},"end":{"line":6,"column":20}},"4":{"start":{"line":8,"column":4},"end":{"line":152,"column":5}},"5":{"start":{"line":10,"column":6},"end":{"line":12,"column":62}},"6":{"start":{"line":14,"column":6},"end":{"line":14,"column":56}},"7":{"start":{"line":15,"column":6},"end":{"line":15,"column":60}},"8":{"start":{"line":16,"column":6},"end":{"line":16,"column":57}},"9":{"start":{"line":18,"column":6},"end":{"line":18,"column":54}},"10":{"start":{"line":19,"column":6},"end":{"line":19,"column":59}},"11":{"start":{"line":20,"column":6},"end":{"line":20,"column":61}},"12":{"start":{"line":22,"column":6},"end":{"line":22,"column":40}},"13":{"start":{"line":23,"column":6},"end":{"line":23,"column":32}},"14":{"start":{"line":25,"column":6},"end":{"line":30,"column":7}},"15":{"start":{"line":27,"column":8},"end":{"line":27,"column":82}},"16":{"start":{"line":28,"column":8},"end":{"line":28,"column":50}},"17":{"start":{"line":32,"column":6},"end":{"line":40,"column":7}},"18":{"start":{"line":34,"column":8},"end":{"line":34,"column":48}},"19":{"start":{"line":36,"column":8},"end":{"line":36,"column":83}},"20":{"start":{"line":38,"column":8},"end":{"line":38,"column":38}},"21":{"start":{"line":39,"column":8},"end":{"line":39,"column":34}},"22":{"start":{"line":42,"column":6},"end":{"line":61,"column":7}},"23":{"start":{"line":44,"column":8},"end":{"line":45,"column":57}},"24":{"start":{"line":47,"column":8},"end":{"line":59,"column":9}},"25":{"start":{"line":48,"column":10},"end":{"line":48,"column":50}},"26":{"start":{"line":49,"column":10},"end":{"line":49,"column":45}},"27":{"start":{"line":50,"column":10},"end":{"line":50,"column":31}},"28":{"start":{"line":51,"column":15},"end":{"line":59,"column":9}},"29":{"start":{"line":52,"column":10},"end":{"line":52,"column":45}},"30":{"start":{"line":53,"column":10},"end":{"line":53,"column":51}},"31":{"start":{"line":54,"column":10},"end":{"line":54,"column":33}},"32":{"start":{"line":56,"column":10},"end":{"line":56,"column":44}},"33":{"start":{"line":57,"column":10},"end":{"line":57,"column":51}},"34":{"start":{"line":58,"column":10},"end":{"line":58,"column":31}},"35":{"start":{"line":63,"column":6},"end":{"line":66,"column":7}},"36":{"start":{"line":64,"column":8},"end":{"line":64,"column":54}},"37":{"start":{"line":65,"column":8},"end":{"line":65,"column":45}},"38":{"start":{"line":68,"column":6},"end":{"line":85,"column":7}},"39":{"start":{"line":70,"column":8},"end":{"line":74,"column":24}},"40":{"start":{"line":77,"column":8},"end":{"line":79,"column":9}},"41":{"start":{"line":78,"column":10},"end":{"line":78,"column":49}},"42":{"start":{"line":81,"column":8},"end":{"line":81,"column":147}},"43":{"start":{"line":82,"column":8},"end":{"line":82,"column":55}},"44":{"start":{"line":83,"column":8},"end":{"line":83,"column":40}},"45":{"start":{"line":87,"column":6},"end":{"line":99,"column":7}},"46":{"start":{"line":89,"column":8},"end":{"line":89,"column":44}},"47":{"start":{"line":92,"column":8},"end":{"line":96,"column":9}},"48":{"start":{"line":93,"column":10},"end":{"line":93,"column":34}},"49":{"start":{"line":95,"column":10},"end":{"line":95,"column":33}},"50":{"start":{"line":98,"column":8},"end":{"line":98,"column":34}},"51":{"start":{"line":101,"column":6},"end":{"line":108,"column":7}},"52":{"start":{"line":102,"column":8},"end":{"line":106,"column":9}},"53":{"start":{"line":103,"column":10},"end":{"line":103,"column":43}},"54":{"start":{"line":105,"column":10},"end":{"line":105,"column":46}},"55":{"start":{"line":107,"column":8},"end":{"line":107,"column":51}},"56":{"start":{"line":110,"column":6},"end":{"line":125,"column":7}},"57":{"start":{"line":111,"column":8},"end":{"line":112,"column":39}},"58":{"start":{"line":114,"column":8},"end":{"line":117,"column":9}},"59":{"start":{"line":115,"column":10},"end":{"line":115,"column":33}},"60":{"start":{"line":116,"column":10},"end":{"line":116,"column":17}},"61":{"start":{"line":119,"column":8},"end":{"line":119,"column":31}},"62":{"start":{"line":120,"column":8},"end":{"line":120,"column":33}},"63":{"start":{"line":122,"column":8},"end":{"line":122,"column":88}},"64":{"start":{"line":123,"column":8},"end":{"line":123,"column":38}},"65":{"start":{"line":124,"column":8},"end":{"line":124,"column":31}},"66":{"start":{"line":127,"column":6},"end":{"line":137,"column":7}},"67":{"start":{"line":128,"column":8},"end":{"line":128,"column":28}},"68":{"start":{"line":130,"column":8},"end":{"line":130,"column":32}},"69":{"start":{"line":132,"column":8},"end":{"line":134,"column":11}},"70":{"start":{"line":133,"column":10},"end":{"line":133,"column":25}},"71":{"start":{"line":136,"column":8},"end":{"line":136,"column":32}},"72":{"start":{"line":139,"column":6},"end":{"line":141,"column":7}},"73":{"start":{"line":140,"column":8},"end":{"line":140,"column":69}},"74":{"start":{"line":143,"column":6},"end":{"line":146,"column":7}},"75":{"start":{"line":144,"column":8},"end":{"line":144,"column":80}},"76":{"start":{"line":145,"column":8},"end":{"line":145,"column":73}},"77":{"start":{"line":148,"column":6},"end":{"line":151,"column":7}},"78":{"start":{"line":149,"column":8},"end":{"line":149,"column":61}},"79":{"start":{"line":150,"column":8},"end":{"line":150,"column":76}}},"branchMap":{"1":{"line":36,"type":"cond-expr","locations":[{"start":{"line":36,"column":25},"end":{"line":36,"column":44}},{"start":{"line":36,"column":47},"end":{"line":36,"column":82}}]},"2":{"line":47,"type":"if","locations":[{"start":{"line":47,"column":8},"end":{"line":47,"column":8}},{"start":{"line":47,"column":8},"end":{"line":47,"column":8}}]},"3":{"line":47,"type":"binary-expr","locations":[{"start":{"line":47,"column":12},"end":{"line":47,"column":33}},{"start":{"line":47,"column":37},"end":{"line":47,"column":73}}]},"4":{"line":51,"type":"if","locations":[{"start":{"line":51,"column":15},"end":{"line":51,"column":15}},{"start":{"line":51,"column":15},"end":{"line":51,"column":15}}]},"5":{"line":77,"type":"if","locations":[{"start":{"line":77,"column":8},"end":{"line":77,"column":8}},{"start":{"line":77,"column":8},"end":{"line":77,"column":8}}]},"6":{"line":81,"type":"cond-expr","locations":[{"start":{"line":81,"column":57},"end":{"line":81,"column":100}},{"start":{"line":81,"column":103},"end":{"line":81,"column":146}}]},"7":{"line":92,"type":"if","locations":[{"start":{"line":92,"column":8},"end":{"line":92,"column":8}},{"start":{"line":92,"column":8},"end":{"line":92,"column":8}}]},"8":{"line":102,"type":"if","locations":[{"start":{"line":102,"column":8},"end":{"line":102,"column":8}},{"start":{"line":102,"column":8},"end":{"line":102,"column":8}}]},"9":{"line":114,"type":"if","locations":[{"start":{"line":114,"column":8},"end":{"line":114,"column":8}},{"start":{"line":114,"column":8},"end":{"line":114,"column":8}}]}}},"/govuk/transition/app/assets/javascripts.bak/modules/toggle_mapping_form_fields.js":{"path":"/govuk/transition/app/assets/javascripts.bak/modules/toggle_mapping_form_fields.js","s":{"1":1,"2":1,"3":5,"4":5,"5":5,"6":5,"7":5,"8":1,"9":17,"10":17,"11":6,"12":6,"13":6,"14":6,"15":4,"16":4,"17":4,"18":4,"19":4,"20":4,"21":4,"22":4,"23":3,"24":3,"25":3,"26":3},"b":{"1":[6,4,4,3]},"f":{"1":1,"2":5,"3":5,"4":17},"fnMap":{"1":{"name":"(anonymous_1)","line":1,"loc":{"start":{"line":1,"column":1},"end":{"line":1,"column":19}}},"2":{"name":"(anonymous_2)","line":4,"loc":{"start":{"line":4,"column":36},"end":{"line":4,"column":47}}},"3":{"name":"(anonymous_3)","line":8,"loc":{"start":{"line":8,"column":17},"end":{"line":8,"column":35}}},"4":{"name":"toggleFormFieldsets","line":19,"loc":{"start":{"line":19,"column":6},"end":{"line":19,"column":37}}}},"statementMap":{"1":{"start":{"line":1,"column":0},"end":{"line":53,"column":23}},"2":{"start":{"line":4,"column":2},"end":{"line":51,"column":4}},"3":{"start":{"line":6,"column":4},"end":{"line":6,"column":20}},"4":{"start":{"line":8,"column":4},"end":{"line":50,"column":6}},"5":{"start":{"line":10,"column":6},"end":{"line":14,"column":61}},"6":{"start":{"line":16,"column":6},"end":{"line":16,"column":52}},"7":{"start":{"line":17,"column":6},"end":{"line":17,"column":28}},"8":{"start":{"line":19,"column":6},"end":{"line":49,"column":7}},"9":{"start":{"line":21,"column":8},"end":{"line":21,"column":71}},"10":{"start":{"line":23,"column":8},"end":{"line":48,"column":9}},"11":{"start":{"line":26,"column":12},"end":{"line":26,"column":34}},"12":{"start":{"line":27,"column":12},"end":{"line":27,"column":33}},"13":{"start":{"line":28,"column":12},"end":{"line":28,"column":36}},"14":{"start":{"line":29,"column":12},"end":{"line":29,"column":18}},"15":{"start":{"line":32,"column":12},"end":{"line":32,"column":34}},"16":{"start":{"line":33,"column":12},"end":{"line":33,"column":33}},"17":{"start":{"line":34,"column":12},"end":{"line":34,"column":36}},"18":{"start":{"line":35,"column":12},"end":{"line":35,"column":18}},"19":{"start":{"line":38,"column":12},"end":{"line":38,"column":34}},"20":{"start":{"line":39,"column":12},"end":{"line":39,"column":33}},"21":{"start":{"line":40,"column":12},"end":{"line":40,"column":36}},"22":{"start":{"line":41,"column":12},"end":{"line":41,"column":18}},"23":{"start":{"line":44,"column":12},"end":{"line":44,"column":34}},"24":{"start":{"line":45,"column":12},"end":{"line":45,"column":33}},"25":{"start":{"line":46,"column":12},"end":{"line":46,"column":36}},"26":{"start":{"line":47,"column":12},"end":{"line":47,"column":18}}},"branchMap":{"1":{"line":23,"type":"switch","locations":[{"start":{"line":25,"column":10},"end":{"line":29,"column":18}},{"start":{"line":31,"column":10},"end":{"line":35,"column":18}},{"start":{"line":37,"column":10},"end":{"line":41,"column":18}},{"start":{"line":43,"column":10},"end":{"line":47,"column":18}}]}}},"/govuk/transition/app/assets/javascripts.bak/modules/toggle_overwrite_existing_mappings_count.js":{"path":"/govuk/transition/app/assets/javascripts.bak/modules/toggle_overwrite_existing_mappings_count.js","s":{"1":1,"2":1,"3":3,"4":3,"5":3,"6":3,"7":3,"8":1,"9":3,"10":3,"11":1,"12":1,"13":2,"14":2,"15":0,"16":0},"b":{"1":[1,2,0]},"f":{"1":1,"2":3,"3":3,"4":3},"fnMap":{"1":{"name":"(anonymous_1)","line":1,"loc":{"start":{"line":1,"column":1},"end":{"line":1,"column":19}}},"2":{"name":"(anonymous_2)","line":4,"loc":{"start":{"line":4,"column":49},"end":{"line":4,"column":60}}},"3":{"name":"(anonymous_3)","line":8,"loc":{"start":{"line":8,"column":17},"end":{"line":8,"column":35}}},"4":{"name":"toggleOverwriteCount","line":17,"loc":{"start":{"line":17,"column":6},"end":{"line":17,"column":38}}}},"statementMap":{"1":{"start":{"line":1,"column":0},"end":{"line":39,"column":23}},"2":{"start":{"line":4,"column":2},"end":{"line":37,"column":4}},"3":{"start":{"line":6,"column":4},"end":{"line":6,"column":20}},"4":{"start":{"line":8,"column":4},"end":{"line":36,"column":6}},"5":{"start":{"line":10,"column":6},"end":{"line":12,"column":60}},"6":{"start":{"line":14,"column":6},"end":{"line":14,"column":59}},"7":{"start":{"line":15,"column":6},"end":{"line":15,"column":29}},"8":{"start":{"line":17,"column":6},"end":{"line":35,"column":7}},"9":{"start":{"line":19,"column":8},"end":{"line":19,"column":94}},"10":{"start":{"line":21,"column":8},"end":{"line":34,"column":9}},"11":{"start":{"line":24,"column":12},"end":{"line":24,"column":34}},"12":{"start":{"line":25,"column":12},"end":{"line":25,"column":18}},"13":{"start":{"line":28,"column":12},"end":{"line":28,"column":34}},"14":{"start":{"line":29,"column":12},"end":{"line":29,"column":18}},"15":{"start":{"line":32,"column":12},"end":{"line":32,"column":34}},"16":{"start":{"line":33,"column":12},"end":{"line":33,"column":18}}},"branchMap":{"1":{"line":21,"type":"switch","locations":[{"start":{"line":23,"column":10},"end":{"line":25,"column":18}},{"start":{"line":27,"column":10},"end":{"line":29,"column":18}},{"start":{"line":31,"column":10},"end":{"line":33,"column":18}}]}}},"/govuk/transition/app/assets/javascripts.bak/tagging.js":{"path":"/govuk/transition/app/assets/javascripts.bak/tagging.js","s":{"1":1,"2":1,"3":1,"4":0,"5":1,"6":3,"7":3,"8":9},"b":{"1":[0,1]},"f":{"1":1,"2":3,"3":3,"4":9},"fnMap":{"1":{"name":"(anonymous_1)","line":1,"loc":{"start":{"line":1,"column":1},"end":{"line":1,"column":13}}},"2":{"name":"(anonymous_2)","line":11,"loc":{"start":{"line":11,"column":11},"end":{"line":11,"column":29}}},"3":{"name":"(anonymous_3)","line":16,"loc":{"start":{"line":16,"column":23},"end":{"line":16,"column":49}}},"4":{"name":"(anonymous_4)","line":18,"loc":{"start":{"line":18,"column":42},"end":{"line":18,"column":54}}}},"statementMap":{"1":{"start":{"line":1,"column":0},"end":{"line":29,"column":14}},"2":{"start":{"line":3,"column":2},"end":{"line":4,"column":22}},"3":{"start":{"line":6,"column":2},"end":{"line":8,"column":3}},"4":{"start":{"line":7,"column":4},"end":{"line":7,"column":20}},"5":{"start":{"line":10,"column":2},"end":{"line":28,"column":4}},"6":{"start":{"line":12,"column":6},"end":{"line":26,"column":8}},"7":{"start":{"line":17,"column":10},"end":{"line":24,"column":11}},"8":{"start":{"line":19,"column":14},"end":{"line":22,"column":16}}},"branchMap":{"1":{"line":6,"type":"if","locations":[{"start":{"line":6,"column":2},"end":{"line":6,"column":2}},{"start":{"line":6,"column":2},"end":{"line":6,"column":2}}]}}}}
